[debug] [2017-12-25T18:04:42.013Z] ----------------------------------------------------------------------
[debug] [2017-12-25T18:04:42.017Z] Command:       /usr/local/Cellar/node/9.2.1/bin/node /usr/local/bin/firebase deploy
[debug] [2017-12-25T18:04:42.017Z] CLI Version:   3.9.2
[debug] [2017-12-25T18:04:42.017Z] Platform:      darwin
[debug] [2017-12-25T18:04:42.018Z] Node Version:  v9.2.1
[debug] [2017-12-25T18:04:42.018Z] Time:          Mon Dec 25 2017 23:34:42 GMT+0530 (IST)
[debug] [2017-12-25T18:04:42.018Z] ----------------------------------------------------------------------
[debug] 
[debug] [2017-12-25T18:04:42.046Z] > command requires scopes: ["email","openid","https://www.googleapis.com/auth/cloudplatformprojects.readonly","https://www.googleapis.com/auth/firebase","https://www.googleapis.com/auth/cloud-platform"]
[debug] [2017-12-25T18:04:42.046Z] > authorizing via signed-in user
[debug] [2017-12-25T18:04:42.048Z] > refreshing access token with scopes: ["email","https://www.googleapis.com/auth/cloud-platform","https://www.googleapis.com/auth/cloudplatformprojects.readonly","https://www.googleapis.com/auth/firebase","openid"]
[debug] [2017-12-25T18:04:42.048Z] >>> HTTP REQUEST POST https://www.googleapis.com/oauth2/v3/token { refresh_token: '1/mn9gz8xK0uXgwkZU2S_wVDAXOEamNlS8vMgMwpOwKNTe4ziTzRYADcOwXjcbWfw4',
  client_id: '563584335869-fgrhgmd47bqnekij5i8b5pr03ho849e6.apps.googleusercontent.com',
  client_secret: 'j9iVZfS8kkCEFUPaAeJV0sAi',
  grant_type: 'refresh_token',
  scope: 'email https://www.googleapis.com/auth/cloud-platform https://www.googleapis.com/auth/cloudplatformprojects.readonly https://www.googleapis.com/auth/firebase openid' } 
 Mon Dec 25 2017 23:34:42 GMT+0530 (IST)
[debug] [2017-12-25T18:05:04.399Z] <<< HTTP RESPONSE 200
[debug] [2017-12-25T18:05:04.420Z] >>> HTTP REQUEST GET https://admin.firebase.com/v1/projects/alphagame-954c9  
 Mon Dec 25 2017 23:35:04 GMT+0530 (IST)
[debug] [2017-12-25T18:05:14.183Z] <<< HTTP RESPONSE 200
[debug] [2017-12-25T18:05:14.184Z] >>> HTTP REQUEST GET https://admin.firebase.com/v1/database/alphagame-954c9/tokens  
 Mon Dec 25 2017 23:35:14 GMT+0530 (IST)
[debug] [2017-12-25T18:05:39.523Z] <<< HTTP RESPONSE 200
[info] 
